# JRE version: OpenJDK Runtime Environment (11.0.10) (build 11.0.10+0-b96-7249189)
# Java VM: OpenJDK 64-Bit Server VM (11.0.10+0-b96-7249189, mixed mode, tiered, compressed oops, g1 gc, windows-amd64)
Heap:
 garbage-first heap   total 161792K, used 75898K [0x0000000083200000, 0x0000000100000000)
  region size 1024K, 51 young (52224K), 3 survivors (3072K)
 Metaspace       used 45601K, capacity 46167K, committed 46236K, reserved 1089536K
  class space    used 5330K, capacity 5549K, committed 5580K, reserved 1048576K
GC Heap History (10 events):
Event: 0.375 GC heap before
{Heap before GC invocations=0 (full 0):
 garbage-first heap   total 129024K, used 27648K [0x0000000083200000, 0x0000000100000000)
  region size 1024K, 24 young (24576K), 0 survivors (0K)
 Metaspace       used 12302K, capacity 12405K, committed 12544K, reserved 1060864K
  class space    used 1155K, capacity 1174K, committed 1280K, reserved 1048576K
}
Event: 0.377 GC heap after
{Heap after GC invocations=1 (full 0):
 garbage-first heap   total 129024K, used 5706K [0x0000000083200000, 0x0000000100000000)
  region size 1024K, 3 young (3072K), 3 survivors (3072K)
 Metaspace       used 12302K, capacity 12405K, committed 12544K, reserved 1060864K
  class space    used 1155K, capacity 1174K, committed 1280K, reserved 1048576K
}
Event: 0.772 GC heap before
{Heap before GC invocations=1 (full 0):
 garbage-first heap   total 129024K, used 42570K [0x0000000083200000, 0x0000000100000000)
  region size 1024K, 40 young (40960K), 3 survivors (3072K)
 Metaspace       used 21009K, capacity 21203K, committed 21248K, reserved 1069056K
  class space    used 2220K, capacity 2299K, committed 2304K, reserved 1048576K
}
Event: 0.780 GC heap after
{Heap after GC invocations=2 (full 0):
 garbage-first heap   total 129024K, used 9539K [0x0000000083200000, 0x0000000100000000)
  region size 1024K, 7 young (7168K), 7 survivors (7168K)
 Metaspace       used 21009K, capacity 21203K, committed 21248K, reserved 1069056K
  class space    used 2220K, capacity 2299K, committed 2304K, reserved 1048576K
}
Event: 1.482 GC heap before
{Heap before GC invocations=3 (full 0):
 garbage-first heap   total 129024K, used 73027K [0x0000000083200000, 0x0000000100000000)
  region size 1024K, 57 young (58368K), 7 survivors (7168K)
 Metaspace       used 30236K, capacity 30665K, committed 30972K, reserved 1077248K
  class space    used 3562K, capacity 3740K, committed 3840K, reserved 1048576K
}
Event: 1.497 GC heap after
{Heap after GC invocations=4 (full 0):
 garbage-first heap   total 129024K, used 24809K [0x0000000083200000, 0x0000000100000000)
  region size 1024K, 8 young (8192K), 8 survivors (8192K)
 Metaspace       used 30236K, capacity 30665K, committed 30972K, reserved 1077248K
  class space    used 3562K, capacity 3740K, committed 3840K, reserved 1048576K
}
Event: 1.632 GC heap before
{Heap before GC invocations=4 (full 0):
 garbage-first heap   total 129024K, used 34025K [0x0000000083200000, 0x0000000100000000)
  region size 1024K, 17 young (17408K), 8 survivors (8192K)
 Metaspace       used 32705K, capacity 33143K, committed 33276K, reserved 1079296K
  class space    used 3862K, capacity 4031K, committed 4096K, reserved 1048576K
}
Event: 1.643 GC heap after
{Heap after GC invocations=5 (full 0):
 garbage-first heap   total 129024K, used 26212K [0x0000000083200000, 0x0000000100000000)
  region size 1024K, 1 young (1024K), 1 survivors (1024K)
 Metaspace       used 32705K, capacity 33143K, committed 33276K, reserved 1079296K
  class space    used 3862K, capacity 4031K, committed 4096K, reserved 1048576K
}
Event: 1.846 GC heap before
{Heap before GC invocations=5 (full 0):
 garbage-first heap   total 129024K, used 42596K [0x0000000083200000, 0x0000000100000000)
  region size 1024K, 18 young (18432K), 1 survivors (1024K)
 Metaspace       used 35503K, capacity 35954K, committed 36048K, reserved 1081344K
  class space    used 4143K, capacity 4328K, committed 4352K, reserved 1048576K
}
Event: 1.849 GC heap after
{Heap after GC invocations=6 (full 0):
 garbage-first heap   total 161792K, used 25722K [0x0000000083200000, 0x0000000100000000)
  region size 1024K, 3 young (3072K), 3 survivors (3072K)
 Metaspace       used 35503K, capacity 35954K, committed 36048K, reserved 1081344K
  class space    used 4143K, capacity 4328K, committed 4352K, reserved 1048576K
}

